Arguments: 
  C:\Program Files\nodejs\node.exe C:\Users\Joabe\AppData\Roaming\npm\node_modules\yarn\bin\yarn.js

PATH: 
  C:\Users\Joabe\bin;C:\Program Files\Git\mingw64\bin;C:\Program Files\Git\usr\local\bin;C:\Program Files\Git\usr\bin;C:\Program Files\Git\usr\bin;C:\Program Files\Git\mingw64\bin;C:\Program Files\Git\usr\bin;C:\Users\Joabe\bin;C:\Program Files\Common Files\Oracle\Java\javapath;C:\Python310\Scripts;C:\Python310;C:\Windows\system32;C:\Windows;C:\Windows\System32\Wbem;C:\Windows\System32\WindowsPowerShell\v1.0;C:\Windows\System32\OpenSSH;C:\Program Files\Git\cmd;C:\ProgramData\chocolatey\bin;C:\Gradle\gradle-7.5.1\bin;C:\Program Files\nodejs;C:\Users\Joabe\AppData\Local\Microsoft\WindowsApps;C:\Users\Joabe\AppData\Local\Programs\Microsoft VS Code\bin;C:\Users\Joabe\AppData\Local\GitHubDesktop\bin;C:\Gradle\gradle-7.5.1\bin;C:\Users\Joabe\AppData\Roaming\npm;C:\Program Files\Git\usr\bin\vendor_perl;C:\Program Files\Git\usr\bin\core_perl

Yarn version: 
  1.22.19

Node version: 
  16.17.0

Platform: 
  win32 x64

Trace: 
  Error: ENOSPC: no space left on device, copyfile 'C:\Users\Joabe\AppData\Local\Yarn\Cache\v6\npm-make-dir-3.1.0-415e967046b3a7f1d185277d84aa58203726a13f-integrity\node_modules\make-dir\license' -> 'C:\Users\Joabe\OneDrive\Documentos\S5\S4-PS01--Joabe\node_modules\make-dir\license'

npm manifest: 
  {
    "name": "sprint4",
    "version": "1.0.0",
    "main": "index.ts",
    "author": "Felipe <felipe.silva@kenzie.com.br>",
    "license": "MIT",
    "scripts": {
      "dev": "ts-node-dev --ignore-watch node_modules src/server.ts",
      "typeorm": "typeorm-ts-node-commonjs",
      "test": "cross-env NODE_ENV=test SECRET_KEY=secret_key jest  --verbose --runInBand"
    },
    "devDependencies": {
      "@types/bcryptjs": "^2.4.2",
      "@types/express": "^4.17.13",
      "@types/jest": "^28.1.4",
      "@types/jsonwebtoken": "^8.5.9",
      "@types/supertest": "^2.0.12",
      "jest": "^28.1.2",
      "sqlite3": "^5.0.8",
      "supertest": "^6.2.4",
      "ts-jest": "^28.0.5",
      "ts-node-dev": "^2.0.0",
      "typescript": "^4.7.4"
    },
    "dependencies": {
      "bcryptjs": "^2.4.3",
      "cross-env": "^7.0.3",
      "dotenv": "^16.0.1",
      "express": "^4.18.1",
      "express-async-errors": "^3.1.1",
      "jsonwebtoken": "8.5.1",
      "pg": "^8.7.3",
      "reflect-metadata": "^0.1.13",
      "typeorm": "^0.3.6",
      "yup": "^0.32.11"
    }
  }

yarn manifest: 
  No manifest

Lockfile: 
  No lockfile
